#-----------------------------------------------------------
# Vivado v2019.1 (64-bit)
# SW Build 2552052 on Fri May 24 14:49:42 MDT 2019
# IP Build 2548770 on Fri May 24 18:01:18 MDT 2019
# Start of session at: Wed Feb  5 08:59:50 2020
# Process ID: 7668
# Current directory: D:/TimeController/Vivado_Projects/MainProjects/TOP_OVERLAY
# Command line: vivado.exe -gui_launcher_event rodinguilauncherevent8872 D:\TimeController\Vivado_Projects\MainProjects\TOP_OVERLAY\TOP_OVERLAY.xpr
# Log file: D:/TimeController/Vivado_Projects/MainProjects/TOP_OVERLAY/vivado.log
# Journal file: D:/TimeController/Vivado_Projects/MainProjects/TOP_OVERLAY\vivado.jou
#-----------------------------------------------------------
start_gui
open_project D:/TimeController/Vivado_Projects/MainProjects/TOP_OVERLAY/TOP_OVERLAY.xpr
INFO: [Project 1-313] Project file moved from 'D:/SInglePhotons/Vivado Projects/Data_Transfer/TOP_OVERLAY' since last save.
Scanning sources...
Finished scanning sources
INFO: [filemgmt 56-1] IP Repository Path: Directory not found as 'D:/TimeController/HW_IP/COUNTER_AXI'; using path 'D:/SInglePhotons/HW_IP/COUNTER_AXI' instead.
INFO: [filemgmt 56-1] IP Repository Path: Directory not found as 'D:/TimeController/HW_IP/DDS_AXI_PERIPH'; using path 'D:/SInglePhotons/HW_IP/DDS_AXI_PERIPH' instead.
INFO: [filemgmt 56-1] IP Repository Path: Directory not found as 'D:/TimeController/HW_IP/DDS_COM_TEST'; using path 'D:/SInglePhotons/HW_IP/DDS_COM_TEST' instead.
WARNING: [filemgmt 56-2] IP Repository Path: Could not find the directory 'D:/TimeController/HW_IP/DELAY8', nor could it be found using path 'D:/SInglePhotons/HW_IP/DELAY8'.
INFO: [filemgmt 56-1] IP Repository Path: Directory not found as 'D:/TimeController/HW_IP/SDDR_CT'; using path 'D:/SInglePhotons/HW_IP/SDDR_CT' instead.
INFO: [filemgmt 56-1] IP Repository Path: Directory not found as 'D:/TimeController/HW_IP/SDDR_ST'; using path 'D:/SInglePhotons/HW_IP/SDDR_ST' instead.
INFO: [filemgmt 56-1] IP Repository Path: Directory not found as 'D:/TimeController/HW_IP/SDDR_TT'; using path 'D:/SInglePhotons/HW_IP/SDDR_TT' instead.
INFO: [filemgmt 56-1] IP Repository Path: Directory not found as 'D:/TimeController/HW_IP/SDDR_DESERIALIZER'; using path 'D:/SInglePhotons/HW_IP/SDDR_DESERIALIZER' instead.
INFO: [filemgmt 56-1] IP Repository Path: Directory not found as 'D:/TimeController/HW_IP/_Data_transference/SDDR_ST_AXI'; using path 'D:/SInglePhotons/HW_IP/_Data_transference/SDDR_ST_AXI' instead.
INFO: [filemgmt 56-1] IP Repository Path: Directory not found as 'D:/TimeController/HW_IP/_Data_transference/SDDR_CT_AXI'; using path 'D:/SInglePhotons/HW_IP/_Data_transference/SDDR_CT_AXI' instead.
INFO: [filemgmt 56-1] IP Repository Path: Directory not found as 'D:/TimeController/HW_IP/_Data_transference/SDDR_TT_AXI'; using path 'D:/SInglePhotons/HW_IP/_Data_transference/SDDR_TT_AXI' instead.
INFO: [IP_Flow 19-234] Refreshing IP repositories
INFO: [IP_Flow 19-1700] Loaded user IP repository 'd:/SInglePhotons/HW_IP/COUNTER_AXI'.
INFO: [IP_Flow 19-1700] Loaded user IP repository 'd:/SInglePhotons/HW_IP/DDS_AXI_PERIPH'.
INFO: [IP_Flow 19-1700] Loaded user IP repository 'd:/SInglePhotons/HW_IP/DDS_COM_TEST'.
WARNING: [IP_Flow 19-2248] Failed to load user IP repository 'd:/TimeController/HW_IP/DELAY8'; Can't find the specified path.
If this directory should no longer be in your list of user repositories, go to the IP Settings dialog and remove it.
INFO: [IP_Flow 19-1700] Loaded user IP repository 'd:/SInglePhotons/HW_IP/SDDR_CT'.
INFO: [IP_Flow 19-1700] Loaded user IP repository 'd:/SInglePhotons/HW_IP/SDDR_ST'.
INFO: [IP_Flow 19-1700] Loaded user IP repository 'd:/SInglePhotons/HW_IP/SDDR_TT'.
INFO: [IP_Flow 19-1700] Loaded user IP repository 'd:/SInglePhotons/HW_IP/SDDR_DESERIALIZER'.
INFO: [IP_Flow 19-1700] Loaded user IP repository 'd:/SInglePhotons/HW_IP/_Data_transference/SDDR_ST_AXI'.
INFO: [IP_Flow 19-1700] Loaded user IP repository 'd:/SInglePhotons/HW_IP/_Data_transference/SDDR_CT_AXI'.
INFO: [IP_Flow 19-1700] Loaded user IP repository 'd:/SInglePhotons/HW_IP/_Data_transference/SDDR_TT_AXI'.
INFO: [IP_Flow 19-2313] Loaded Vivado IP repository 'C:/Xilinx/Vivado/2019.1/data/ip'.
INFO: [Common 17-41] Interrupt caught. Command should exit soon.
ERROR: [BD 41-69] Error sourcing TCL script: 
    while executing
"namespace eval ::xilinx.com_ip_aximm_1.0 { source -notrace {C:/Xilinx/Vivado/2019.1/data/rsb/busdef/AXIMM/busdef.tcl} }"
ERROR: [BD 41-69] Error sourcing TCL script: 
    while executing
"source -notrace {C:/Xilinx/Vivado/2019.1/data/rsb/busdef/clock_signal/busdef.tcl} "
    (in namespace eval "::xilinx.com_ip_clock_signal_1.0" script line 1)
    invoked from within
"namespace eval ::xilinx.com_ip_clock_signal_1.0 { source -notrace {C:/Xilinx/Vivado/2019.1/data/rsb/busdef/clock_signal/busdef.tcl} }"
ERROR: [BD 41-69] Error sourcing TCL script: 
    while executing
"source -notrace {C:/Xilinx/Vivado/2019.1/data/rsb/busdef/gt_outclk/busdef.tcl} "
    (in namespace eval "::xilinx.com_ip_gt_outclk_1.0" script line 1)
    invoked from within
"namespace eval ::xilinx.com_ip_gt_outclk_1.0 { source -notrace {C:/Xilinx/Vivado/2019.1/data/rsb/busdef/gt_outclk/busdef.tcl} }"
ERROR: [BD 41-69] Error sourcing TCL script: 
    while executing
"source -notrace {C:/Xilinx/Vivado/2019.1/data/rsb/busdef/gt_usrclk/busdef.tcl} "
    (in namespace eval "::xilinx.com_ip_gt_usrclk_1.0" script line 1)
    invoked from within
"namespace eval ::xilinx.com_ip_gt_usrclk_1.0 { source -notrace {C:/Xilinx/Vivado/2019.1/data/rsb/busdef/gt_usrclk/busdef.tcl} }"
INFO: [Common 17-344] 'open_project' was cancelled
exit
INFO: [Common 17-206] Exiting Vivado at Wed Feb  5 09:00:59 2020...
