#-----------------------------------------------------------
# Vivado v2019.1 (64-bit)
# SW Build 2552052 on Fri May 24 14:49:42 MDT 2019
# IP Build 2548770 on Fri May 24 18:01:18 MDT 2019
# Start of session at: Tue Feb  4 14:48:48 2020
# Process ID: 3456
# Current directory: D:/SInglePhotons/Vivado Projects/SERDES_OVERSAMPLE/SDOS_ST
# Command line: vivado.exe -gui_launcher_event rodinguilauncherevent16372 D:\SInglePhotons\Vivado Projects\SERDES_OVERSAMPLE\SDOS_ST\SDOS_ST.xpr
# Log file: D:/SInglePhotons/Vivado Projects/SERDES_OVERSAMPLE/SDOS_ST/vivado.log
# Journal file: D:/SInglePhotons/Vivado Projects/SERDES_OVERSAMPLE/SDOS_ST\vivado.jou
#-----------------------------------------------------------
start_gui
open_project {D:/SInglePhotons/Vivado Projects/SERDES_OVERSAMPLE/SDOS_ST/SDOS_ST.xpr}
Scanning sources...
Finished scanning sources
INFO: [IP_Flow 19-234] Refreshing IP repositories
INFO: [IP_Flow 19-1700] Loaded user IP repository 'd:/SInglePhotons/HighResIP/ST'.
INFO: [IP_Flow 19-1700] Loaded user IP repository 'd:/SInglePhotons/HW_IP/SDDR_ST'.
INFO: [IP_Flow 19-2313] Loaded Vivado IP repository 'C:/Xilinx/Vivado/2019.1/data/ip'.
open_project: Time (s): cpu = 00:00:13 ; elapsed = 00:00:13 . Memory (MB): peak = 811.195 ; gain = 161.695
ipx::open_ipxact_file D:/SInglePhotons/HighResIP/ST/component.xml
WARNING: [IP_Flow 19-3833] Unreferenced file from the top module is not packaged: 'D:/SInglePhotons/Vivado Projects/SERDES_OVERSAMPLE/SDOS_ST/SDOS_ST.srcs/sources_1/imports/new/CLK_DIV_IO.vhd'.
WARNING: [IP_Flow 19-3833] Unreferenced file from the top module is not packaged: 'D:/SInglePhotons/Vivado Projects/SERDES_OVERSAMPLE/SDOS_ST/SDOS_ST.srcs/sources_1/bd/OVERSAMPLE_TEST/OVERSAMPLE_TEST.bd'.
WARNING: [IP_Flow 19-3833] Unreferenced file from the top module is not packaged: 'D:/SInglePhotons/Vivado Projects/SERDES_OVERSAMPLE/SDOS_ST/SDOS_ST.srcs/sources_1/bd/OVERSAMPLE_TEST/hdl/OVERSAMPLE_TEST_wrapper.vhd'.
WARNING: [IP_Flow 19-3833] Unreferenced file from the top module is not packaged: 'D:/SInglePhotons/Vivado Projects/SERDES_OVERSAMPLE/SDOS_ST/SDOS_ST.srcs/sources_1/new/OS_ISERDES.vhd'.
WARNING: [IP_Flow 19-3833] Unreferenced file from the top module is not packaged: 'D:/SInglePhotons/Vivado Projects/SERDES_OVERSAMPLE/SDOS_ST/SDOS_ST.srcs/sources_1/bd/REAL_OS/REAL_OS.bd'.
WARNING: [IP_Flow 19-3833] Unreferenced file from the top module is not packaged: 'D:/SInglePhotons/Vivado Projects/SERDES_OVERSAMPLE/SDOS_ST/SDOS_ST.srcs/sources_1/bd/REAL_OS/hdl/REAL_OS_wrapper.vhd'.
WARNING: [IP_Flow 19-3833] Unreferenced file from the top module is not packaged: 'D:/SInglePhotons/Vivado Projects/SERDES_OVERSAMPLE/SDOS_ST/SDOS_ST.srcs/sources_1/bd/SDOS_STL/SDOS_STL.bd'.
WARNING: [IP_Flow 19-5226] Project source file 'd:/SInglePhotons/HighResIP/ST/component.xml' ignored by IP packager.
WARNING: [IP_Flow 19-4308] Project file 'd:/SInglePhotons/Vivado Projects/SERDES_OVERSAMPLE/SDOS_ST/SDOS_ST.srcs/sources_1/ip/ST_TIMER/ST_TIMER.xci' is not found in the component files. It will be added automatically when merging sources and repackaging. Please remove the file from the source project if this is not desired.
WARNING: [IP_Flow 19-4308] Project file 'd:/SInglePhotons/Vivado Projects/SERDES_OVERSAMPLE/SDOS_ST/SDOS_ST.srcs/sources_1/new/BT_SPLIT.vhd' is not found in the component files. It will be added automatically when merging sources and repackaging. Please remove the file from the source project if this is not desired.
WARNING: [IP_Flow 19-4308] Project file 'd:/SInglePhotons/Vivado Projects/SERDES_OVERSAMPLE/SDOS_ST/SDOS_ST.srcs/sources_1/imports/new/ISERDES_B_selectio_wiz.v' is not found in the component files. It will be added automatically when merging sources and repackaging. Please remove the file from the source project if this is not desired.
WARNING: [IP_Flow 19-4308] Project file 'd:/SInglePhotons/Vivado Projects/SERDES_OVERSAMPLE/SDOS_ST/SDOS_ST.srcs/sources_1/imports/new/ISERDES_B.v' is not found in the component files. It will be added automatically when merging sources and repackaging. Please remove the file from the source project if this is not desired.
WARNING: [IP_Flow 19-4308] Project file 'd:/SInglePhotons/Vivado Projects/SERDES_OVERSAMPLE/SDOS_ST/SDOS_ST.srcs/sources_1/imports/new/ISERDES_B_selectio_wiz.v' is not found in the component files. It will be added automatically when merging sources and repackaging. Please remove the file from the source project if this is not desired.
WARNING: [IP_Flow 19-4308] Project file 'd:/SInglePhotons/Vivado Projects/SERDES_OVERSAMPLE/SDOS_ST/SDOS_ST.srcs/sources_1/imports/new/ISERDES_B.v' is not found in the component files. It will be added automatically when merging sources and repackaging. Please remove the file from the source project if this is not desired.
WARNING: [IP_Flow 19-4308] Project file 'd:/SInglePhotons/Vivado Projects/SERDES_OVERSAMPLE/SDOS_ST/SDOS_ST.srcs/sources_1/imports/new/ISERDES_B_selectio_wiz.v' is not found in the component files. It will be added automatically when merging sources and repackaging. Please remove the file from the source project if this is not desired.
WARNING: [IP_Flow 19-4308] Project file 'd:/SInglePhotons/Vivado Projects/SERDES_OVERSAMPLE/SDOS_ST/SDOS_ST.srcs/sources_1/imports/new/ISERDES_B.v' is not found in the component files. It will be added automatically when merging sources and repackaging. Please remove the file from the source project if this is not desired.
WARNING: [IP_Flow 19-4308] Project file 'd:/SInglePhotons/Vivado Projects/SERDES_OVERSAMPLE/SDOS_ST/SDOS_ST.srcs/sources_1/imports/new/ISERDES_B_selectio_wiz.v' is not found in the component files. It will be added automatically when merging sources and repackaging. Please remove the file from the source project if this is not desired.
WARNING: [IP_Flow 19-4308] Project file 'd:/SInglePhotons/Vivado Projects/SERDES_OVERSAMPLE/SDOS_ST/SDOS_ST.srcs/sources_1/imports/new/ISERDES_B.v' is not found in the component files. It will be added automatically when merging sources and repackaging. Please remove the file from the source project if this is not desired.
WARNING: [IP_Flow 19-4308] Project file 'd:/SInglePhotons/Vivado Projects/SERDES_OVERSAMPLE/SDOS_ST/SDOS_ST.srcs/sources_1/ip/ST_TIMER/ST_TIMER.xci' is not found in the component files. It will be added automatically when merging sources and repackaging. Please remove the file from the source project if this is not desired.
WARNING: [IP_Flow 19-4308] Project file 'd:/SInglePhotons/Vivado Projects/SERDES_OVERSAMPLE/SDOS_ST/SDOS_ST.srcs/sim_1/imports/new/SDDR_ST.vhd' is not found in the component files. It will be added automatically when merging sources and repackaging. Please remove the file from the source project if this is not desired.
WARNING: [IP_Flow 19-4308] Project file 'd:/SInglePhotons/Vivado Projects/SERDES_OVERSAMPLE/SDOS_ST/SDOS_ST.srcs/sources_1/new/ST_REDIR.vhd' is not found in the component files. It will be added automatically when merging sources and repackaging. Please remove the file from the source project if this is not desired.
WARNING: [IP_Flow 19-4308] Project file 'd:/SInglePhotons/Vivado Projects/SERDES_OVERSAMPLE/SDOS_ST/SDOS_ST.srcs/sources_1/bd/SDOS_ST/ip/SDOS_ST_util_vector_logic_0_0/SDOS_ST_util_vector_logic_0_0.xci' is not found in the component files. It will be added automatically when merging sources and repackaging. Please remove the file from the source project if this is not desired.
WARNING: [IP_Flow 19-4308] Project file 'd:/SInglePhotons/Vivado Projects/SERDES_OVERSAMPLE/SDOS_ST/SDOS_ST.srcs/sources_1/bd/SDOS_ST/synth/SDOS_ST.vhd' is not found in the component files. It will be added automatically when merging sources and repackaging. Please remove the file from the source project if this is not desired.
WARNING: [IP_Flow 19-4308] Project file 'd:/SInglePhotons/Vivado Projects/SERDES_OVERSAMPLE/SDOS_ST/SDOS_ST.srcs/sources_1/bd/SDOS_ST/SDOS_ST_ooc.xdc' is not found in the component files. It will be added automatically when merging sources and repackaging. Please remove the file from the source project if this is not desired.
WARNING: [IP_Flow 19-4308] Project file 'd:/SInglePhotons/Vivado Projects/SERDES_OVERSAMPLE/SDOS_ST/SDOS_ST.srcs/sources_1/new/BT_SPLIT.vhd' is not found in the component files. It will be added automatically when merging sources and repackaging. Please remove the file from the source project if this is not desired.
WARNING: [IP_Flow 19-4308] Project file 'd:/SInglePhotons/Vivado Projects/SERDES_OVERSAMPLE/SDOS_ST/SDOS_ST.srcs/sources_1/imports/new/ISERDES_B_selectio_wiz.v' is not found in the component files. It will be added automatically when merging sources and repackaging. Please remove the file from the source project if this is not desired.
WARNING: [IP_Flow 19-4308] Project file 'd:/SInglePhotons/Vivado Projects/SERDES_OVERSAMPLE/SDOS_ST/SDOS_ST.srcs/sources_1/imports/new/ISERDES_B.v' is not found in the component files. It will be added automatically when merging sources and repackaging. Please remove the file from the source project if this is not desired.
WARNING: [IP_Flow 19-4308] Project file 'd:/SInglePhotons/Vivado Projects/SERDES_OVERSAMPLE/SDOS_ST/SDOS_ST.srcs/sim_1/imports/new/SDDR_ST.vhd' is not found in the component files. It will be added automatically when merging sources and repackaging. Please remove the file from the source project if this is not desired.
WARNING: [IP_Flow 19-4308] Project file 'd:/SInglePhotons/Vivado Projects/SERDES_OVERSAMPLE/SDOS_ST/SDOS_ST.srcs/sources_1/new/ST_REDIR.vhd' is not found in the component files. It will be added automatically when merging sources and repackaging. Please remove the file from the source project if this is not desired.
WARNING: [IP_Flow 19-4308] Project file 'd:/SInglePhotons/Vivado Projects/SERDES_OVERSAMPLE/SDOS_ST/SDOS_ST.srcs/sources_1/bd/SDOS_ST/hdl/SDOS_ST_wrapper.vhd' is not found in the component files. It will be added automatically when merging sources and repackaging. Please remove the file from the source project if this is not desired.
WARNING: [IP_Flow 19-4308] Project file 'd:/SInglePhotons/Vivado Projects/SERDES_OVERSAMPLE/SDOS_ST/SDOS_ST.srcs/sources_1/ip/ST_TIMER/ST_TIMER.xci' is not found in the component files. It will be added automatically when merging sources and repackaging. Please remove the file from the source project if this is not desired.
WARNING: [IP_Flow 19-4308] Project file 'd:/SInglePhotons/Vivado Projects/SERDES_OVERSAMPLE/SDOS_ST/SDOS_ST.srcs/sources_1/new/BT_SPLIT.vhd' is not found in the component files. It will be added automatically when merging sources and repackaging. Please remove the file from the source project if this is not desired.
WARNING: [IP_Flow 19-4308] Project file 'd:/SInglePhotons/Vivado Projects/SERDES_OVERSAMPLE/SDOS_ST/SDOS_ST.srcs/sources_1/imports/new/ISERDES_B_selectio_wiz.v' is not found in the component files. It will be added automatically when merging sources and repackaging. Please remove the file from the source project if this is not desired.
WARNING: [IP_Flow 19-4308] Project file 'd:/SInglePhotons/Vivado Projects/SERDES_OVERSAMPLE/SDOS_ST/SDOS_ST.srcs/sources_1/imports/new/ISERDES_B.v' is not found in the component files. It will be added automatically when merging sources and repackaging. Please remove the file from the source project if this is not desired.
WARNING: [IP_Flow 19-4308] Project file 'd:/SInglePhotons/Vivado Projects/SERDES_OVERSAMPLE/SDOS_ST/SDOS_ST.srcs/sources_1/imports/new/ISERDES_B_selectio_wiz.v' is not found in the component files. It will be added automatically when merging sources and repackaging. Please remove the file from the source project if this is not desired.
WARNING: [IP_Flow 19-4308] Project file 'd:/SInglePhotons/Vivado Projects/SERDES_OVERSAMPLE/SDOS_ST/SDOS_ST.srcs/sources_1/imports/new/ISERDES_B.v' is not found in the component files. It will be added automatically when merging sources and repackaging. Please remove the file from the source project if this is not desired.
WARNING: [IP_Flow 19-4308] Project file 'd:/SInglePhotons/Vivado Projects/SERDES_OVERSAMPLE/SDOS_ST/SDOS_ST.srcs/sources_1/imports/new/ISERDES_B_selectio_wiz.v' is not found in the component files. It will be added automatically when merging sources and repackaging. Please remove the file from the source project if this is not desired.
WARNING: [IP_Flow 19-4308] Project file 'd:/SInglePhotons/Vivado Projects/SERDES_OVERSAMPLE/SDOS_ST/SDOS_ST.srcs/sources_1/imports/new/ISERDES_B.v' is not found in the component files. It will be added automatically when merging sources and repackaging. Please remove the file from the source project if this is not desired.
WARNING: [IP_Flow 19-4308] Project file 'd:/SInglePhotons/Vivado Projects/SERDES_OVERSAMPLE/SDOS_ST/SDOS_ST.srcs/sources_1/imports/new/ISERDES_B_selectio_wiz.v' is not found in the component files. It will be added automatically when merging sources and repackaging. Please remove the file from the source project if this is not desired.
WARNING: [IP_Flow 19-4308] Project file 'd:/SInglePhotons/Vivado Projects/SERDES_OVERSAMPLE/SDOS_ST/SDOS_ST.srcs/sources_1/imports/new/ISERDES_B.v' is not found in the component files. It will be added automatically when merging sources and repackaging. Please remove the file from the source project if this is not desired.
WARNING: [IP_Flow 19-4308] Project file 'd:/SInglePhotons/Vivado Projects/SERDES_OVERSAMPLE/SDOS_ST/SDOS_ST.srcs/sources_1/ip/ST_TIMER/ST_TIMER.xci' is not found in the component files. It will be added automatically when merging sources and repackaging. Please remove the file from the source project if this is not desired.
WARNING: [IP_Flow 19-4308] Project file 'd:/SInglePhotons/Vivado Projects/SERDES_OVERSAMPLE/SDOS_ST/SDOS_ST.srcs/sim_1/imports/new/SDDR_ST.vhd' is not found in the component files. It will be added automatically when merging sources and repackaging. Please remove the file from the source project if this is not desired.
WARNING: [IP_Flow 19-4308] Project file 'd:/SInglePhotons/Vivado Projects/SERDES_OVERSAMPLE/SDOS_ST/SDOS_ST.srcs/sources_1/new/ST_REDIR.vhd' is not found in the component files. It will be added automatically when merging sources and repackaging. Please remove the file from the source project if this is not desired.
WARNING: [IP_Flow 19-4308] Project file 'd:/SInglePhotons/Vivado Projects/SERDES_OVERSAMPLE/SDOS_ST/SDOS_ST.srcs/sources_1/bd/SDOS_ST/ip/SDOS_ST_util_vector_logic_0_0/SDOS_ST_util_vector_logic_0_0.xci' is not found in the component files. It will be added automatically when merging sources and repackaging. Please remove the file from the source project if this is not desired.
WARNING: [IP_Flow 19-4308] Project file 'd:/SInglePhotons/Vivado Projects/SERDES_OVERSAMPLE/SDOS_ST/SDOS_ST.srcs/sources_1/bd/SDOS_ST/sim/SDOS_ST.vhd' is not found in the component files. It will be added automatically when merging sources and repackaging. Please remove the file from the source project if this is not desired.
WARNING: [IP_Flow 19-4308] Project file 'd:/SInglePhotons/Vivado Projects/SERDES_OVERSAMPLE/SDOS_ST/SDOS_ST.srcs/sources_1/bd/SDOS_ST/sim/SDOS_ST.protoinst' is not found in the component files. It will be added automatically when merging sources and repackaging. Please remove the file from the source project if this is not desired.
WARNING: [IP_Flow 19-4308] Project file 'd:/SInglePhotons/Vivado Projects/SERDES_OVERSAMPLE/SDOS_ST/SDOS_ST.srcs/sources_1/new/BT_SPLIT.vhd' is not found in the component files. It will be added automatically when merging sources and repackaging. Please remove the file from the source project if this is not desired.
WARNING: [IP_Flow 19-4308] Project file 'd:/SInglePhotons/Vivado Projects/SERDES_OVERSAMPLE/SDOS_ST/SDOS_ST.srcs/sources_1/imports/new/ISERDES_B_selectio_wiz.v' is not found in the component files. It will be added automatically when merging sources and repackaging. Please remove the file from the source project if this is not desired.
WARNING: [IP_Flow 19-4308] Project file 'd:/SInglePhotons/Vivado Projects/SERDES_OVERSAMPLE/SDOS_ST/SDOS_ST.srcs/sources_1/imports/new/ISERDES_B.v' is not found in the component files. It will be added automatically when merging sources and repackaging. Please remove the file from the source project if this is not desired.
WARNING: [IP_Flow 19-4308] Project file 'd:/SInglePhotons/Vivado Projects/SERDES_OVERSAMPLE/SDOS_ST/SDOS_ST.srcs/sim_1/imports/new/SDDR_ST.vhd' is not found in the component files. It will be added automatically when merging sources and repackaging. Please remove the file from the source project if this is not desired.
WARNING: [IP_Flow 19-4308] Project file 'd:/SInglePhotons/Vivado Projects/SERDES_OVERSAMPLE/SDOS_ST/SDOS_ST.srcs/sources_1/new/ST_REDIR.vhd' is not found in the component files. It will be added automatically when merging sources and repackaging. Please remove the file from the source project if this is not desired.
WARNING: [IP_Flow 19-4308] Project file 'd:/SInglePhotons/Vivado Projects/SERDES_OVERSAMPLE/SDOS_ST/SDOS_ST.srcs/sources_1/bd/SDOS_ST/hdl/SDOS_ST_wrapper.vhd' is not found in the component files. It will be added automatically when merging sources and repackaging. Please remove the file from the source project if this is not desired.
WARNING: [IP_Flow 19-4308] Project file 'd:/SInglePhotons/Vivado Projects/SERDES_OVERSAMPLE/SDOS_ST/SDOS_ST.srcs/sim_1/new/OVERSAMPLE_TEST_TB.vhd' is not found in the component files. It will be added automatically when merging sources and repackaging. Please remove the file from the source project if this is not desired.
open_bd_design {D:/SInglePhotons/Vivado Projects/SERDES_OVERSAMPLE/SDOS_ST/SDOS_ST.srcs/sources_1/bd/REAL_OS/REAL_OS.bd}
Adding component instance block -- xilinx.com:module_ref:OS_ISERDES:1.0 - OS_ISERDES_0
Adding component instance block -- xilinx.com:module_ref:OS_ISERDES:1.0 - OS_ISERDES_1
Successfully read diagram <REAL_OS> from BD file <D:/SInglePhotons/Vivado Projects/SERDES_OVERSAMPLE/SDOS_ST/SDOS_ST.srcs/sources_1/bd/REAL_OS/REAL_OS.bd>
update_compile_order -fileset sources_1
open_bd_design {D:/SInglePhotons/Vivado Projects/SERDES_OVERSAMPLE/SDOS_ST/SDOS_ST.srcs/sources_1/bd/SDOS_ST/SDOS_ST.bd}
Adding component instance block -- xilinx.com:module_ref:BT_SPLIT:1.0 - BT_SPLIT_0
Adding component instance block -- xilinx.com:module_ref:BT_SPLIT:1.0 - BT_SPLIT_1
Adding component instance block -- xilinx.com:module_ref:ST_REDIR:1.0 - ST_REDIR_0
Adding component instance block -- xilinx.com:ip:util_vector_logic:2.0 - util_vector_logic_0
Adding component instance block -- xilinx.com:module_ref:ISERDES_B:1.0 - ISERDES_B_0
Adding component instance block -- xilinx.com:module_ref:ISERDES_B:1.0 - ISERDES_B_1
Adding component instance block -- xilinx.com:module_ref:ISERDES_B:1.0 - ISERDES_B_2
Adding component instance block -- xilinx.com:module_ref:ISERDES_B:1.0 - ISERDES_B_3
Adding component instance block -- xilinx.com:module_ref:SDDR_ST:1.0 - SDDR_ST_0
WARNING: [BD 41-1731] Type mismatch between connected pins: /CLKD1(clk) and /ISERDES_B_1/clk_div_in(undef)
WARNING: [BD 41-1731] Type mismatch between connected pins: /CLKD0(clk) and /ISERDES_B_0/clk_div_in(undef)
WARNING: [BD 41-1731] Type mismatch between connected pins: /CLKD0(clk) and /SDDR_ST_0/MCLK(undef)
WARNING: [BD 41-1731] Type mismatch between connected pins: /CLKD2(clk) and /ISERDES_B_2/clk_div_in(undef)
WARNING: [BD 41-1731] Type mismatch between connected pins: /CLKD3(clk) and /ISERDES_B_3/clk_div_in(undef)
WARNING: [BD 41-1731] Type mismatch between connected pins: /CLK3(clk) and /ISERDES_B_3/clk_in(undef)
WARNING: [BD 41-1731] Type mismatch between connected pins: /CLK2(clk) and /ISERDES_B_2/clk_in(undef)
WARNING: [BD 41-1731] Type mismatch between connected pins: /CLK1(clk) and /ISERDES_B_1/clk_in(undef)
WARNING: [BD 41-1731] Type mismatch between connected pins: /CLK0(clk) and /ISERDES_B_0/clk_in(undef)
Successfully read diagram <SDOS_ST> from BD file <D:/SInglePhotons/Vivado Projects/SERDES_OVERSAMPLE/SDOS_ST/SDOS_ST.srcs/sources_1/bd/SDOS_ST/SDOS_ST.bd>
