#-----------------------------------------------------------
# Vivado v2019.1 (64-bit)
# SW Build 2552052 on Fri May 24 14:49:42 MDT 2019
# IP Build 2548770 on Fri May 24 18:01:18 MDT 2019
# Start of session at: Tue Feb  4 14:28:28 2020
# Process ID: 5240
# Current directory: D:/SInglePhotons/Vivado Projects/DDS_COM_PG
# Command line: vivado.exe -gui_launcher_event rodinguilauncherevent7048 D:\SInglePhotons\Vivado Projects\DDS_COM_PG\DDS_COM_PG.xpr
# Log file: D:/SInglePhotons/Vivado Projects/DDS_COM_PG/vivado.log
# Journal file: D:/SInglePhotons/Vivado Projects/DDS_COM_PG\vivado.jou
#-----------------------------------------------------------
start_gui
open_project {D:/SInglePhotons/Vivado Projects/DDS_COM_PG/DDS_COM_PG.xpr}
Scanning sources...
Finished scanning sources
INFO: [IP_Flow 19-234] Refreshing IP repositories
INFO: [IP_Flow 19-1700] Loaded user IP repository 'd:/SInglePhotons/HW_IP/DDS_COM_TEST'.
INFO: [IP_Flow 19-2313] Loaded Vivado IP repository 'C:/Xilinx/Vivado/2019.1/data/ip'.
open_project: Time (s): cpu = 00:00:13 ; elapsed = 00:00:12 . Memory (MB): peak = 848.008 ; gain = 177.984
update_compile_order -fileset sources_1
ipx::open_ipxact_file D:/SInglePhotons/HW_IP/DDS_COM_TEST/component.xml
WARNING: [IP_Flow 19-5226] Project source file 'd:/SInglePhotons/HW_IP/DDS_COM_TEST/component.xml' ignored by IP packager.
WARNING: [IP_Flow 19-4308] Project file 'd:/SInglePhotons/Vivado Projects/DDS_COM_PG/DDS_COM_PG.srcs/sources_1/ip/DDS_DEL_CTR/DDS_DEL_CTR.xci' is not found in the component files. It will be added automatically when merging sources and repackaging. Please remove the file from the source project if this is not desired.
WARNING: [IP_Flow 19-4308] Project file 'd:/SInglePhotons/Vivado Projects/DDS_COM_PG/DDS_COM_PG.srcs/sources_1/bd/DDS_COM/ip/DDS_COM_dds_compiler_0_0/DDS_COM_dds_compiler_0_0.xci' is not found in the component files. It will be added automatically when merging sources and repackaging. Please remove the file from the source project if this is not desired.
WARNING: [IP_Flow 19-4308] Project file 'd:/SInglePhotons/Vivado Projects/DDS_COM_PG/DDS_COM_PG.srcs/sources_1/new/filter.vhd' is not found in the component files. It will be added automatically when merging sources and repackaging. Please remove the file from the source project if this is not desired.
WARNING: [IP_Flow 19-4308] Project file 'd:/SInglePhotons/Vivado Projects/DDS_COM_PG/DDS_COM_PG.srcs/sources_1/bd/DDS_COM/ip/DDS_COM_dds_compiler_0_1/DDS_COM_dds_compiler_0_1.xci' is not found in the component files. It will be added automatically when merging sources and repackaging. Please remove the file from the source project if this is not desired.
WARNING: [IP_Flow 19-4308] Project file 'd:/SInglePhotons/Vivado Projects/DDS_COM_PG/DDS_COM_PG.srcs/sources_1/new/filter.vhd' is not found in the component files. It will be added automatically when merging sources and repackaging. Please remove the file from the source project if this is not desired.
WARNING: [IP_Flow 19-4308] Project file 'd:/SInglePhotons/Vivado Projects/DDS_COM_PG/DDS_COM_PG.srcs/sources_1/bd/DDS_COM/ip/DDS_COM_dds_compiler_1_0/DDS_COM_dds_compiler_1_0.xci' is not found in the component files. It will be added automatically when merging sources and repackaging. Please remove the file from the source project if this is not desired.
WARNING: [IP_Flow 19-4308] Project file 'd:/SInglePhotons/Vivado Projects/DDS_COM_PG/DDS_COM_PG.srcs/sources_1/new/filter.vhd' is not found in the component files. It will be added automatically when merging sources and repackaging. Please remove the file from the source project if this is not desired.
WARNING: [IP_Flow 19-4308] Project file 'd:/SInglePhotons/Vivado Projects/DDS_COM_PG/DDS_COM_PG.srcs/sources_1/bd/DDS_COM/ip/DDS_COM_dds_compiler_2_0/DDS_COM_dds_compiler_2_0.xci' is not found in the component files. It will be added automatically when merging sources and repackaging. Please remove the file from the source project if this is not desired.
WARNING: [IP_Flow 19-4308] Project file 'd:/SInglePhotons/Vivado Projects/DDS_COM_PG/DDS_COM_PG.srcs/sources_1/new/filter.vhd' is not found in the component files. It will be added automatically when merging sources and repackaging. Please remove the file from the source project if this is not desired.
WARNING: [IP_Flow 19-4308] Project file 'd:/SInglePhotons/Vivado Projects/DDS_COM_PG/DDS_COM_PG.srcs/sources_1/ip/DDS_DEL_CTR/DDS_DEL_CTR.xci' is not found in the component files. It will be added automatically when merging sources and repackaging. Please remove the file from the source project if this is not desired.
WARNING: [IP_Flow 19-4308] Project file 'd:/SInglePhotons/Vivado Projects/DDS_COM_PG/DDS_COM_PG.srcs/sources_1/new/DELAY_SYNC.vhd' is not found in the component files. It will be added automatically when merging sources and repackaging. Please remove the file from the source project if this is not desired.
WARNING: [IP_Flow 19-4308] Project file 'd:/SInglePhotons/Vivado Projects/DDS_COM_PG/DDS_COM_PG.srcs/sources_1/ip/DDS_DEL_CTR/DDS_DEL_CTR.xci' is not found in the component files. It will be added automatically when merging sources and repackaging. Please remove the file from the source project if this is not desired.
WARNING: [IP_Flow 19-4308] Project file 'd:/SInglePhotons/Vivado Projects/DDS_COM_PG/DDS_COM_PG.srcs/sources_1/new/DC_EN_MOD.vhd' is not found in the component files. It will be added automatically when merging sources and repackaging. Please remove the file from the source project if this is not desired.
WARNING: [IP_Flow 19-4308] Project file 'd:/SInglePhotons/Vivado Projects/DDS_COM_PG/DDS_COM_PG.srcs/sources_1/ip/DDS_DEL_CTR/DDS_DEL_CTR.xci' is not found in the component files. It will be added automatically when merging sources and repackaging. Please remove the file from the source project if this is not desired.
WARNING: [IP_Flow 19-4308] Project file 'd:/SInglePhotons/Vivado Projects/DDS_COM_PG/DDS_COM_PG.srcs/sources_1/new/DC_EN_MOD.vhd' is not found in the component files. It will be added automatically when merging sources and repackaging. Please remove the file from the source project if this is not desired.
WARNING: [IP_Flow 19-4308] Project file 'd:/SInglePhotons/Vivado Projects/DDS_COM_PG/DDS_COM_PG.srcs/sources_1/ip/DDS_DEL_CTR/DDS_DEL_CTR.xci' is not found in the component files. It will be added automatically when merging sources and repackaging. Please remove the file from the source project if this is not desired.
WARNING: [IP_Flow 19-4308] Project file 'd:/SInglePhotons/Vivado Projects/DDS_COM_PG/DDS_COM_PG.srcs/sources_1/new/DC_EN_MOD.vhd' is not found in the component files. It will be added automatically when merging sources and repackaging. Please remove the file from the source project if this is not desired.
WARNING: [IP_Flow 19-4308] Project file 'd:/SInglePhotons/Vivado Projects/DDS_COM_PG/DDS_COM_PG.srcs/sources_1/ip/DDS_DEL_CTR/DDS_DEL_CTR.xci' is not found in the component files. It will be added automatically when merging sources and repackaging. Please remove the file from the source project if this is not desired.
WARNING: [IP_Flow 19-4308] Project file 'd:/SInglePhotons/Vivado Projects/DDS_COM_PG/DDS_COM_PG.srcs/sources_1/new/DC_EN_MOD.vhd' is not found in the component files. It will be added automatically when merging sources and repackaging. Please remove the file from the source project if this is not desired.
WARNING: [IP_Flow 19-4308] Project file 'd:/SInglePhotons/Vivado Projects/DDS_COM_PG/DDS_COM_PG.srcs/sources_1/bd/DDS_COM/ip/DDS_COM_xlconcat_0_0/DDS_COM_xlconcat_0_0.xci' is not found in the component files. It will be added automatically when merging sources and repackaging. Please remove the file from the source project if this is not desired.
WARNING: [IP_Flow 19-4308] Project file 'd:/SInglePhotons/Vivado Projects/DDS_COM_PG/DDS_COM_PG.srcs/sources_1/bd/DDS_COM/ip/DDS_COM_xlconcat_0_1/DDS_COM_xlconcat_0_1.xci' is not found in the component files. It will be added automatically when merging sources and repackaging. Please remove the file from the source project if this is not desired.
WARNING: [IP_Flow 19-4308] Project file 'd:/SInglePhotons/Vivado Projects/DDS_COM_PG/DDS_COM_PG.srcs/sources_1/bd/DDS_COM/synth/DDS_COM.vhd' is not found in the component files. It will be added automatically when merging sources and repackaging. Please remove the file from the source project if this is not desired.
WARNING: [IP_Flow 19-4308] Project file 'd:/SInglePhotons/Vivado Projects/DDS_COM_PG/DDS_COM_PG.srcs/sources_1/bd/DDS_COM/DDS_COM_ooc.xdc' is not found in the component files. It will be added automatically when merging sources and repackaging. Please remove the file from the source project if this is not desired.
WARNING: [IP_Flow 19-4308] Project file 'd:/SInglePhotons/Vivado Projects/DDS_COM_PG/DDS_COM_PG.srcs/sources_1/new/filter.vhd' is not found in the component files. It will be added automatically when merging sources and repackaging. Please remove the file from the source project if this is not desired.
WARNING: [IP_Flow 19-4308] Project file 'd:/SInglePhotons/Vivado Projects/DDS_COM_PG/DDS_COM_PG.srcs/sources_1/new/DELAY_SYNC.vhd' is not found in the component files. It will be added automatically when merging sources and repackaging. Please remove the file from the source project if this is not desired.
WARNING: [IP_Flow 19-4308] Project file 'd:/SInglePhotons/Vivado Projects/DDS_COM_PG/DDS_COM_PG.srcs/sources_1/new/DC_EN_MOD.vhd' is not found in the component files. It will be added automatically when merging sources and repackaging. Please remove the file from the source project if this is not desired.
WARNING: [IP_Flow 19-4308] Project file 'd:/SInglePhotons/Vivado Projects/DDS_COM_PG/DDS_COM_PG.srcs/sources_1/bd/DDS_COM/hdl/DDS_COM_wrapper.vhd' is not found in the component files. It will be added automatically when merging sources and repackaging. Please remove the file from the source project if this is not desired.
WARNING: [IP_Flow 19-4308] Project file 'd:/SInglePhotons/Vivado Projects/DDS_COM_PG/DDS_COM_PG.srcs/sources_1/ip/DDS_DEL_CTR/DDS_DEL_CTR.xci' is not found in the component files. It will be added automatically when merging sources and repackaging. Please remove the file from the source project if this is not desired.
WARNING: [IP_Flow 19-4308] Project file 'd:/SInglePhotons/Vivado Projects/DDS_COM_PG/DDS_COM_PG.srcs/sources_1/bd/DDS_COM/ip/DDS_COM_dds_compiler_0_0/DDS_COM_dds_compiler_0_0.xci' is not found in the component files. It will be added automatically when merging sources and repackaging. Please remove the file from the source project if this is not desired.
WARNING: [IP_Flow 19-4308] Project file 'd:/SInglePhotons/Vivado Projects/DDS_COM_PG/DDS_COM_PG.srcs/sources_1/new/filter.vhd' is not found in the component files. It will be added automatically when merging sources and repackaging. Please remove the file from the source project if this is not desired.
WARNING: [IP_Flow 19-4308] Project file 'd:/SInglePhotons/Vivado Projects/DDS_COM_PG/DDS_COM_PG.srcs/sources_1/bd/DDS_COM/ip/DDS_COM_dds_compiler_0_1/DDS_COM_dds_compiler_0_1.xci' is not found in the component files. It will be added automatically when merging sources and repackaging. Please remove the file from the source project if this is not desired.
WARNING: [IP_Flow 19-4308] Project file 'd:/SInglePhotons/Vivado Projects/DDS_COM_PG/DDS_COM_PG.srcs/sources_1/new/filter.vhd' is not found in the component files. It will be added automatically when merging sources and repackaging. Please remove the file from the source project if this is not desired.
WARNING: [IP_Flow 19-4308] Project file 'd:/SInglePhotons/Vivado Projects/DDS_COM_PG/DDS_COM_PG.srcs/sources_1/bd/DDS_COM/ip/DDS_COM_dds_compiler_1_0/DDS_COM_dds_compiler_1_0.xci' is not found in the component files. It will be added automatically when merging sources and repackaging. Please remove the file from the source project if this is not desired.
WARNING: [IP_Flow 19-4308] Project file 'd:/SInglePhotons/Vivado Projects/DDS_COM_PG/DDS_COM_PG.srcs/sources_1/new/filter.vhd' is not found in the component files. It will be added automatically when merging sources and repackaging. Please remove the file from the source project if this is not desired.
WARNING: [IP_Flow 19-4308] Project file 'd:/SInglePhotons/Vivado Projects/DDS_COM_PG/DDS_COM_PG.srcs/sources_1/bd/DDS_COM/ip/DDS_COM_dds_compiler_2_0/DDS_COM_dds_compiler_2_0.xci' is not found in the component files. It will be added automatically when merging sources and repackaging. Please remove the file from the source project if this is not desired.
WARNING: [IP_Flow 19-4308] Project file 'd:/SInglePhotons/Vivado Projects/DDS_COM_PG/DDS_COM_PG.srcs/sources_1/new/filter.vhd' is not found in the component files. It will be added automatically when merging sources and repackaging. Please remove the file from the source project if this is not desired.
WARNING: [IP_Flow 19-4308] Project file 'd:/SInglePhotons/Vivado Projects/DDS_COM_PG/DDS_COM_PG.srcs/sources_1/ip/DDS_DEL_CTR/DDS_DEL_CTR.xci' is not found in the component files. It will be added automatically when merging sources and repackaging. Please remove the file from the source project if this is not desired.
WARNING: [IP_Flow 19-4308] Project file 'd:/SInglePhotons/Vivado Projects/DDS_COM_PG/DDS_COM_PG.srcs/sources_1/new/DELAY_SYNC.vhd' is not found in the component files. It will be added automatically when merging sources and repackaging. Please remove the file from the source project if this is not desired.
WARNING: [IP_Flow 19-4308] Project file 'd:/SInglePhotons/Vivado Projects/DDS_COM_PG/DDS_COM_PG.srcs/sources_1/ip/DDS_DEL_CTR/DDS_DEL_CTR.xci' is not found in the component files. It will be added automatically when merging sources and repackaging. Please remove the file from the source project if this is not desired.
WARNING: [IP_Flow 19-4308] Project file 'd:/SInglePhotons/Vivado Projects/DDS_COM_PG/DDS_COM_PG.srcs/sources_1/new/DC_EN_MOD.vhd' is not found in the component files. It will be added automatically when merging sources and repackaging. Please remove the file from the source project if this is not desired.
WARNING: [IP_Flow 19-4308] Project file 'd:/SInglePhotons/Vivado Projects/DDS_COM_PG/DDS_COM_PG.srcs/sources_1/ip/DDS_DEL_CTR/DDS_DEL_CTR.xci' is not found in the component files. It will be added automatically when merging sources and repackaging. Please remove the file from the source project if this is not desired.
WARNING: [IP_Flow 19-4308] Project file 'd:/SInglePhotons/Vivado Projects/DDS_COM_PG/DDS_COM_PG.srcs/sources_1/new/DC_EN_MOD.vhd' is not found in the component files. It will be added automatically when merging sources and repackaging. Please remove the file from the source project if this is not desired.
WARNING: [IP_Flow 19-4308] Project file 'd:/SInglePhotons/Vivado Projects/DDS_COM_PG/DDS_COM_PG.srcs/sources_1/ip/DDS_DEL_CTR/DDS_DEL_CTR.xci' is not found in the component files. It will be added automatically when merging sources and repackaging. Please remove the file from the source project if this is not desired.
WARNING: [IP_Flow 19-4308] Project file 'd:/SInglePhotons/Vivado Projects/DDS_COM_PG/DDS_COM_PG.srcs/sources_1/new/DC_EN_MOD.vhd' is not found in the component files. It will be added automatically when merging sources and repackaging. Please remove the file from the source project if this is not desired.
WARNING: [IP_Flow 19-4308] Project file 'd:/SInglePhotons/Vivado Projects/DDS_COM_PG/DDS_COM_PG.srcs/sources_1/ip/DDS_DEL_CTR/DDS_DEL_CTR.xci' is not found in the component files. It will be added automatically when merging sources and repackaging. Please remove the file from the source project if this is not desired.
WARNING: [IP_Flow 19-4308] Project file 'd:/SInglePhotons/Vivado Projects/DDS_COM_PG/DDS_COM_PG.srcs/sources_1/new/DC_EN_MOD.vhd' is not found in the component files. It will be added automatically when merging sources and repackaging. Please remove the file from the source project if this is not desired.
WARNING: [IP_Flow 19-4308] Project file 'd:/SInglePhotons/Vivado Projects/DDS_COM_PG/DDS_COM_PG.srcs/sources_1/bd/DDS_COM/ip/DDS_COM_xlconcat_0_0/DDS_COM_xlconcat_0_0.xci' is not found in the component files. It will be added automatically when merging sources and repackaging. Please remove the file from the source project if this is not desired.
WARNING: [IP_Flow 19-4308] Project file 'd:/SInglePhotons/Vivado Projects/DDS_COM_PG/DDS_COM_PG.srcs/sources_1/bd/DDS_COM/ip/DDS_COM_xlconcat_0_1/DDS_COM_xlconcat_0_1.xci' is not found in the component files. It will be added automatically when merging sources and repackaging. Please remove the file from the source project if this is not desired.
WARNING: [IP_Flow 19-4308] Project file 'd:/SInglePhotons/Vivado Projects/DDS_COM_PG/DDS_COM_PG.srcs/sources_1/bd/DDS_COM/sim/DDS_COM.vhd' is not found in the component files. It will be added automatically when merging sources and repackaging. Please remove the file from the source project if this is not desired.
WARNING: [IP_Flow 19-4308] Project file 'd:/SInglePhotons/Vivado Projects/DDS_COM_PG/DDS_COM_PG.srcs/sources_1/bd/DDS_COM/sim/DDS_COM.protoinst' is not found in the component files. It will be added automatically when merging sources and repackaging. Please remove the file from the source project if this is not desired.
WARNING: [IP_Flow 19-4308] Project file 'd:/SInglePhotons/Vivado Projects/DDS_COM_PG/DDS_COM_PG.srcs/sources_1/new/filter.vhd' is not found in the component files. It will be added automatically when merging sources and repackaging. Please remove the file from the source project if this is not desired.
WARNING: [IP_Flow 19-4308] Project file 'd:/SInglePhotons/Vivado Projects/DDS_COM_PG/DDS_COM_PG.srcs/sources_1/new/DELAY_SYNC.vhd' is not found in the component files. It will be added automatically when merging sources and repackaging. Please remove the file from the source project if this is not desired.
WARNING: [IP_Flow 19-4308] Project file 'd:/SInglePhotons/Vivado Projects/DDS_COM_PG/DDS_COM_PG.srcs/sources_1/new/DC_EN_MOD.vhd' is not found in the component files. It will be added automatically when merging sources and repackaging. Please remove the file from the source project if this is not desired.
WARNING: [IP_Flow 19-4308] Project file 'd:/SInglePhotons/Vivado Projects/DDS_COM_PG/DDS_COM_PG.srcs/sources_1/bd/DDS_COM/hdl/DDS_COM_wrapper.vhd' is not found in the component files. It will be added automatically when merging sources and repackaging. Please remove the file from the source project if this is not desired.
WARNING: [IP_Flow 19-4308] Project file 'd:/SInglePhotons/Vivado Projects/DDS_COM_PG/DDS_COM_PG.srcs/sim_1/new/DC_CON_TB.vhd' is not found in the component files. It will be added automatically when merging sources and repackaging. Please remove the file from the source project if this is not desired.
open_bd_design {D:/SInglePhotons/Vivado Projects/DDS_COM_PG/DDS_COM_PG.srcs/sources_1/bd/DDS_COM/DDS_COM.bd}
Adding component instance block -- xilinx.com:ip:dds_compiler:6.0 - dds_compiler_0
Adding component instance block -- xilinx.com:ip:dds_compiler:6.0 - dds_compiler_1
Adding component instance block -- xilinx.com:ip:dds_compiler:6.0 - dds_compiler_2
Adding component instance block -- xilinx.com:ip:dds_compiler:6.0 - dds_compiler_3
Adding component instance block -- xilinx.com:module_ref:filter:1.0 - filter_0
Adding component instance block -- xilinx.com:module_ref:filter:1.0 - filter_1
Adding component instance block -- xilinx.com:module_ref:filter:1.0 - filter_2
Adding component instance block -- xilinx.com:module_ref:filter:1.0 - filter_3
Adding component instance block -- xilinx.com:module_ref:DELAY_SYNC:1.0 - DELAY_SYNC_0
Adding component instance block -- xilinx.com:ip:xlconcat:2.1 - xlconcat_0
Adding component instance block -- xilinx.com:ip:xlconcat:2.1 - xlconcat_1
Adding component instance block -- xilinx.com:module_ref:DC_EN_MOD:1.0 - DC_EN_MOD_0
Adding component instance block -- xilinx.com:module_ref:DC_EN_MOD:1.0 - DC_EN_MOD_1
Adding component instance block -- xilinx.com:module_ref:DC_EN_MOD:1.0 - DC_EN_MOD_2
Adding component instance block -- xilinx.com:module_ref:DC_EN_MOD:1.0 - DC_EN_MOD_3
WARNING: [BD 41-1731] Type mismatch between connected pins: /DELAY_SYNC_0/RST0(undef) and /dds_compiler_0/aresetn(rst)
WARNING: [BD 41-1731] Type mismatch between connected pins: /DELAY_SYNC_0/RST0(undef) and /filter_0/rst(rst)
WARNING: [BD 41-1731] Type mismatch between connected pins: /DELAY_SYNC_0/RST0(undef) and /DC_EN_MOD_0/RSTn(rst)
WARNING: [BD 41-1731] Type mismatch between connected pins: /DELAY_SYNC_0/RST1(undef) and /dds_compiler_1/aresetn(rst)
WARNING: [BD 41-1731] Type mismatch between connected pins: /DELAY_SYNC_0/RST1(undef) and /filter_1/rst(rst)
WARNING: [BD 41-1731] Type mismatch between connected pins: /DELAY_SYNC_0/RST1(undef) and /DC_EN_MOD_1/RSTn(rst)
WARNING: [BD 41-1731] Type mismatch between connected pins: /DELAY_SYNC_0/RST2(undef) and /dds_compiler_2/aresetn(rst)
WARNING: [BD 41-1731] Type mismatch between connected pins: /DELAY_SYNC_0/RST2(undef) and /filter_2/rst(rst)
WARNING: [BD 41-1731] Type mismatch between connected pins: /DELAY_SYNC_0/RST2(undef) and /DC_EN_MOD_2/RSTn(rst)
WARNING: [BD 41-1731] Type mismatch between connected pins: /DELAY_SYNC_0/RST3(undef) and /dds_compiler_3/aresetn(rst)
WARNING: [BD 41-1731] Type mismatch between connected pins: /DELAY_SYNC_0/RST3(undef) and /filter_3/rst(rst)
WARNING: [BD 41-1731] Type mismatch between connected pins: /DELAY_SYNC_0/RST3(undef) and /DC_EN_MOD_3/RSTn(rst)
Successfully read diagram <DDS_COM> from BD file <D:/SInglePhotons/Vivado Projects/DDS_COM_PG/DDS_COM_PG.srcs/sources_1/bd/DDS_COM/DDS_COM.bd>
